app/build/intermediates/manifest_merge_blame_file/debug/processDebugMainManifest/manifest-merger-blame-debug-report.txt
1<?xml version="1.0" encoding="utf-8"?>
2<manifest xmlns:android="http://schemas.android.com/apk/res/android"
3    package="org.maplibre.navigation.android.example"
4    android:versionCode="1"
5    android:versionName="0.1" >
6
7    <uses-sdk
8        android:minSdkVersion="21"
9        android:targetSdkVersion="34" />
10
11    <uses-permission android:name="android.permission.VIBRATE" />
11-->src/main/AndroidManifest.xml:6:5-66
11-->src/main/AndroidManifest.xml:6:22-63
12    <uses-permission android:name="android.permission.FOREGROUND_SERVICE" />
12-->src/main/AndroidManifest.xml:7:5-77
12-->src/main/AndroidManifest.xml:7:22-74
13    <uses-permission android:name="android.permission.FOREGROUND_SERVICE_LOCATION" />
13-->src/main/AndroidManifest.xml:8:5-86
13-->src/main/AndroidManifest.xml:8:22-83
14    <uses-permission android:name="android.permission.ACCESS_COARSE_LOCATION" />
14-->[:libandroid-navigation] AndroidManifest.xml:7:5-81
14-->[:libandroid-navigation] AndroidManifest.xml:7:22-78
15    <uses-permission android:name="android.permission.ACCESS_FINE_LOCATION" />
15-->[:libandroid-navigation] AndroidManifest.xml:8:5-79
15-->[:libandroid-navigation] AndroidManifest.xml:8:22-76
16    <uses-permission android:name="android.permission.ACCESS_NETWORK_STATE" />
16-->[:libandroid-navigation] AndroidManifest.xml:9:5-79
16-->[:libandroid-navigation] AndroidManifest.xml:9:22-76
17
18    <uses-feature
18-->[org.maplibre.gl:android-sdk:11.6.1] AndroidManifest.xml:7:5-9:35
19        android:glEsVersion="0x00030000"
19-->[org.maplibre.gl:android-sdk:11.6.1] AndroidManifest.xml:8:9-41
20        android:required="true" />
20-->[org.maplibre.gl:android-sdk:11.6.1] AndroidManifest.xml:9:9-32
21    <uses-feature
21-->[org.maplibre.gl:android-sdk:11.6.1] AndroidManifest.xml:10:5-12:36
22        android:name="android.hardware.wifi"
22-->[org.maplibre.gl:android-sdk:11.6.1] AndroidManifest.xml:11:9-45
23        android:required="false" /> <!-- Implied by ACCESS_WIFI_STATE. -->
23-->[org.maplibre.gl:android-sdk:11.6.1] AndroidManifest.xml:12:9-33
24    <uses-permission android:name="android.permission.INTERNET" />
24-->[org.maplibre.gl:android-sdk:11.6.1] AndroidManifest.xml:14:5-67
24-->[org.maplibre.gl:android-sdk:11.6.1] AndroidManifest.xml:14:22-64
25    <uses-permission android:name="android.permission.ACCESS_WIFI_STATE" />
25-->[org.maplibre.gl:android-sdk:11.6.1] AndroidManifest.xml:16:5-76
25-->[org.maplibre.gl:android-sdk:11.6.1] AndroidManifest.xml:16:22-73
26
27    <permission
27-->[androidx.core:core:1.13.1] AndroidManifest.xml:22:5-24:47
28        android:name="org.maplibre.navigation.android.example.DYNAMIC_RECEIVER_NOT_EXPORTED_PERMISSION"
28-->[androidx.core:core:1.13.1] AndroidManifest.xml:23:9-81
29        android:protectionLevel="signature" />
29-->[androidx.core:core:1.13.1] AndroidManifest.xml:24:9-44
30
31    <uses-permission android:name="org.maplibre.navigation.android.example.DYNAMIC_RECEIVER_NOT_EXPORTED_PERMISSION" /> <!-- To store the heap dumps and leak analysis results. -->
31-->[androidx.core:core:1.13.1] AndroidManifest.xml:26:5-97
31-->[androidx.core:core:1.13.1] AndroidManifest.xml:26:22-94
32    <uses-permission android:name="android.permission.READ_EXTERNAL_STORAGE" />
32-->[com.squareup.leakcanary:leakcanary-android-core:2.14] AndroidManifest.xml:25:5-80
32-->[com.squareup.leakcanary:leakcanary-android-core:2.14] AndroidManifest.xml:25:22-77
33    <uses-permission android:name="android.permission.WRITE_EXTERNAL_STORAGE" /> <!-- To allow posting notifications on Android 13 -->
33-->[com.squareup.leakcanary:leakcanary-android-core:2.14] AndroidManifest.xml:26:5-81
33-->[com.squareup.leakcanary:leakcanary-android-core:2.14] AndroidManifest.xml:26:22-78
34    <uses-permission android:name="android.permission.POST_NOTIFICATIONS" />
34-->[com.squareup.leakcanary:leakcanary-android-core:2.14] AndroidManifest.xml:29:5-77
34-->[com.squareup.leakcanary:leakcanary-android-core:2.14] AndroidManifest.xml:29:22-74
35
36    <application
36-->src/main/AndroidManifest.xml:10:5-63:19
37        android:name="org.maplibre.navigation.android.example.NavigationApplication"
37-->src/main/AndroidManifest.xml:11:9-46
38        android:allowBackup="true"
38-->src/main/AndroidManifest.xml:12:9-35
39        android:appComponentFactory="androidx.core.app.CoreComponentFactory"
39-->[androidx.core:core:1.13.1] AndroidManifest.xml:28:18-86
40        android:debuggable="true"
41        android:extractNativeLibs="true"
42        android:icon="@mipmap/ic_launcher"
42-->src/main/AndroidManifest.xml:13:9-43
43        android:label="@string/app_name"
43-->src/main/AndroidManifest.xml:14:9-41
44        android:networkSecurityConfig="@xml/network_security_config"
44-->src/main/AndroidManifest.xml:15:9-69
45        android:roundIcon="@mipmap/ic_launcher_round"
45-->src/main/AndroidManifest.xml:16:9-54
46        android:supportsRtl="true"
46-->src/main/AndroidManifest.xml:17:9-35
47        android:testOnly="true"
48        android:theme="@style/AppTheme" >
48-->src/main/AndroidManifest.xml:18:9-40
49        <activity
49-->src/main/AndroidManifest.xml:20:9-25:58
50            android:name="org.maplibre.navigation.android.example.FullscreenActivity"
50-->src/main/AndroidManifest.xml:21:13-47
51            android:configChanges="orientation|keyboardHidden|screenSize"
51-->src/main/AndroidManifest.xml:22:13-74
52            android:exported="false"
52-->src/main/AndroidManifest.xml:23:13-37
53            android:label="@string/title_activity_fullscreen"
53-->src/main/AndroidManifest.xml:24:13-62
54            android:theme="@style/AppTheme.Fullscreen" />
54-->src/main/AndroidManifest.xml:25:13-55
55        <activity
55-->src/main/AndroidManifest.xml:26:9-32:20
56            android:name="org.maplibre.navigation.android.example.MockNavigationActivity"
56-->src/main/AndroidManifest.xml:27:13-51
57            android:label="@string/title_mock_navigation" >
57-->src/main/AndroidManifest.xml:28:13-58
58            <meta-data
58-->src/main/AndroidManifest.xml:29:13-31:49
59                android:name="android.support.PARENT_ACTIVITY"
59-->src/main/AndroidManifest.xml:30:17-63
60                android:value=".MainActivity" />
60-->src/main/AndroidManifest.xml:31:17-46
61        </activity>
62        <activity
62-->src/main/AndroidManifest.xml:33:9-39:20
63            android:name="org.maplibre.navigation.android.example.ValhallaNavigationActivity"
63-->src/main/AndroidManifest.xml:34:13-55
64            android:label="@string/title_valhalla_navigation" >
64-->src/main/AndroidManifest.xml:35:13-62
65            <meta-data
65-->src/main/AndroidManifest.xml:29:13-31:49
66                android:name="android.support.PARENT_ACTIVITY"
66-->src/main/AndroidManifest.xml:30:17-63
67                android:value=".MainActivity" />
67-->src/main/AndroidManifest.xml:31:17-46
68        </activity>
69        <activity
69-->src/main/AndroidManifest.xml:40:9-46:20
70            android:name="org.maplibre.navigation.android.example.NavigationUIActivity"
70-->src/main/AndroidManifest.xml:41:13-49
71            android:label="@string/title_navigation_ui" >
71-->src/main/AndroidManifest.xml:42:13-56
72            <meta-data
72-->src/main/AndroidManifest.xml:29:13-31:49
73                android:name="android.support.PARENT_ACTIVITY"
73-->src/main/AndroidManifest.xml:30:17-63
74                android:value=".MainActivity" />
74-->src/main/AndroidManifest.xml:31:17-46
75        </activity>
76        <activity
76-->src/main/AndroidManifest.xml:47:9-53:20
77            android:name="org.maplibre.navigation.android.example.SnapToRouteNavigationActivity"
77-->src/main/AndroidManifest.xml:48:13-58
78            android:label="@string/title_snap_to_route" >
78-->src/main/AndroidManifest.xml:49:13-56
79            <meta-data
79-->src/main/AndroidManifest.xml:29:13-31:49
80                android:name="android.support.PARENT_ACTIVITY"
80-->src/main/AndroidManifest.xml:30:17-63
81                android:value=".MainActivity" />
81-->src/main/AndroidManifest.xml:31:17-46
82        </activity>
83        <activity
83-->src/main/AndroidManifest.xml:54:9-62:20
84            android:name="org.maplibre.navigation.android.example.MainActivity"
84-->src/main/AndroidManifest.xml:55:13-41
85            android:exported="true" >
85-->src/main/AndroidManifest.xml:56:13-36
86            <intent-filter>
86-->src/main/AndroidManifest.xml:57:13-61:29
87                <action android:name="android.intent.action.MAIN" />
87-->src/main/AndroidManifest.xml:58:17-69
87-->src/main/AndroidManifest.xml:58:25-66
88
89                <category android:name="android.intent.category.LAUNCHER" />
89-->src/main/AndroidManifest.xml:60:17-77
89-->src/main/AndroidManifest.xml:60:27-74
90            </intent-filter>
91        </activity>
92        <activity android:name="org.maplibre.navigation.android.navigation.ui.v5.MapLibreNavigationActivity" />
92-->[:libandroid-navigation-ui] AndroidManifest.xml:8:9-112
92-->[:libandroid-navigation-ui] AndroidManifest.xml:8:19-109
93
94        <service
94-->[:libandroid-navigation] AndroidManifest.xml:12:9-14:56
95            android:name="org.maplibre.navigation.android.navigation.v5.navigation.NavigationService"
95-->[:libandroid-navigation] AndroidManifest.xml:13:13-102
96            android:foregroundServiceType="location" />
96-->[:libandroid-navigation] AndroidManifest.xml:14:13-53
97
98        <activity
98-->[com.google.android.gms:play-services-base:18.5.0] AndroidManifest.xml:5:9-173
99            android:name="com.google.android.gms.common.api.GoogleApiActivity"
99-->[com.google.android.gms:play-services-base:18.5.0] AndroidManifest.xml:5:19-85
100            android:exported="false"
100-->[com.google.android.gms:play-services-base:18.5.0] AndroidManifest.xml:5:146-170
101            android:theme="@android:style/Theme.Translucent.NoTitleBar" />
101-->[com.google.android.gms:play-services-base:18.5.0] AndroidManifest.xml:5:86-145
102
103        <meta-data
103-->[com.google.android.gms:play-services-basement:18.4.0] AndroidManifest.xml:6:9-122
104            android:name="com.google.android.gms.version"
104-->[com.google.android.gms:play-services-basement:18.4.0] AndroidManifest.xml:6:20-65
105            android:value="@integer/google_play_services_version" />
105-->[com.google.android.gms:play-services-basement:18.4.0] AndroidManifest.xml:6:66-119
106
107        <provider
107-->[androidx.emoji2:emoji2:1.3.0] AndroidManifest.xml:24:9-32:20
108            android:name="androidx.startup.InitializationProvider"
108-->[androidx.emoji2:emoji2:1.3.0] AndroidManifest.xml:25:13-67
109            android:authorities="org.maplibre.navigation.android.example.androidx-startup"
109-->[androidx.emoji2:emoji2:1.3.0] AndroidManifest.xml:26:13-68
110            android:exported="false" >
110-->[androidx.emoji2:emoji2:1.3.0] AndroidManifest.xml:27:13-37
111            <meta-data
111-->[androidx.emoji2:emoji2:1.3.0] AndroidManifest.xml:29:13-31:52
112                android:name="androidx.emoji2.text.EmojiCompatInitializer"
112-->[androidx.emoji2:emoji2:1.3.0] AndroidManifest.xml:30:17-75
113                android:value="androidx.startup" />
113-->[androidx.emoji2:emoji2:1.3.0] AndroidManifest.xml:31:17-49
114            <meta-data
114-->[androidx.lifecycle:lifecycle-process:2.8.1] AndroidManifest.xml:29:13-31:52
115                android:name="androidx.lifecycle.ProcessLifecycleInitializer"
115-->[androidx.lifecycle:lifecycle-process:2.8.1] AndroidManifest.xml:30:17-78
116                android:value="androidx.startup" />
116-->[androidx.lifecycle:lifecycle-process:2.8.1] AndroidManifest.xml:31:17-49
117            <meta-data
117-->[androidx.profileinstaller:profileinstaller:1.3.1] AndroidManifest.xml:29:13-31:52
118                android:name="androidx.profileinstaller.ProfileInstallerInitializer"
118-->[androidx.profileinstaller:profileinstaller:1.3.1] AndroidManifest.xml:30:17-85
119                android:value="androidx.startup" />
119-->[androidx.profileinstaller:profileinstaller:1.3.1] AndroidManifest.xml:31:17-49
120        </provider>
121        <provider
121-->[com.squareup.leakcanary:leakcanary-android-core:2.14] AndroidManifest.xml:32:9-40:20
122            android:name="leakcanary.internal.LeakCanaryFileProvider"
122-->[com.squareup.leakcanary:leakcanary-android-core:2.14] AndroidManifest.xml:33:13-70
123            android:authorities="com.squareup.leakcanary.fileprovider.org.maplibre.navigation.android.example"
123-->[com.squareup.leakcanary:leakcanary-android-core:2.14] AndroidManifest.xml:34:13-88
124            android:exported="false"
124-->[com.squareup.leakcanary:leakcanary-android-core:2.14] AndroidManifest.xml:35:13-37
125            android:grantUriPermissions="true" >
125-->[com.squareup.leakcanary:leakcanary-android-core:2.14] AndroidManifest.xml:36:13-47
126            <meta-data
126-->[com.squareup.leakcanary:leakcanary-android-core:2.14] AndroidManifest.xml:37:13-39:66
127                android:name="android.support.FILE_PROVIDER_PATHS"
127-->[com.squareup.leakcanary:leakcanary-android-core:2.14] AndroidManifest.xml:38:17-67
128                android:resource="@xml/leak_canary_file_paths" />
128-->[com.squareup.leakcanary:leakcanary-android-core:2.14] AndroidManifest.xml:39:17-63
129        </provider>
130
131        <activity
131-->[com.squareup.leakcanary:leakcanary-android-core:2.14] AndroidManifest.xml:42:9-73:20
132            android:name="leakcanary.internal.activity.LeakActivity"
132-->[com.squareup.leakcanary:leakcanary-android-core:2.14] AndroidManifest.xml:43:13-69
133            android:exported="true"
133-->[com.squareup.leakcanary:leakcanary-android-core:2.14] AndroidManifest.xml:44:13-36
134            android:icon="@mipmap/leak_canary_icon"
134-->[com.squareup.leakcanary:leakcanary-android-core:2.14] AndroidManifest.xml:45:13-52
135            android:label="@string/leak_canary_display_activity_label"
135-->[com.squareup.leakcanary:leakcanary-android-core:2.14] AndroidManifest.xml:46:13-71
136            android:taskAffinity="com.squareup.leakcanary.org.maplibre.navigation.android.example"
136-->[com.squareup.leakcanary:leakcanary-android-core:2.14] AndroidManifest.xml:47:13-76
137            android:theme="@style/leak_canary_LeakCanary.Base" >
137-->[com.squareup.leakcanary:leakcanary-android-core:2.14] AndroidManifest.xml:48:13-63
138            <intent-filter android:label="@string/leak_canary_import_hprof_file" >
138-->[com.squareup.leakcanary:leakcanary-android-core:2.14] AndroidManifest.xml:49:13-72:29
138-->[com.squareup.leakcanary:leakcanary-android-core:2.14] AndroidManifest.xml:49:28-81
139                <action android:name="android.intent.action.VIEW" />
139-->[com.squareup.leakcanary:leakcanary-android-core:2.14] AndroidManifest.xml:50:17-69
139-->[com.squareup.leakcanary:leakcanary-android-core:2.14] AndroidManifest.xml:50:25-66
140
141                <category android:name="android.intent.category.DEFAULT" />
141-->[com.squareup.leakcanary:leakcanary-android-core:2.14] AndroidManifest.xml:52:17-76
141-->[com.squareup.leakcanary:leakcanary-android-core:2.14] AndroidManifest.xml:52:27-73
142                <category android:name="android.intent.category.BROWSABLE" />
142-->[com.squareup.leakcanary:leakcanary-android-core:2.14] AndroidManifest.xml:53:17-78
142-->[com.squareup.leakcanary:leakcanary-android-core:2.14] AndroidManifest.xml:53:27-75
143
144                <data android:scheme="file" />
144-->[com.squareup.leakcanary:leakcanary-android-core:2.14] AndroidManifest.xml:55:17-47
144-->[com.squareup.leakcanary:leakcanary-android-core:2.14] AndroidManifest.xml:55:23-44
145                <data android:scheme="content" />
145-->[com.squareup.leakcanary:leakcanary-android-core:2.14] AndroidManifest.xml:55:17-47
145-->[com.squareup.leakcanary:leakcanary-android-core:2.14] AndroidManifest.xml:55:23-44
146                <data android:mimeType="*/*" />
146-->[com.squareup.leakcanary:leakcanary-android-core:2.14] AndroidManifest.xml:55:17-47
147                <data android:host="*" />
147-->[com.squareup.leakcanary:leakcanary-android-core:2.14] AndroidManifest.xml:55:17-47
148                <data android:pathPattern=".*\\.hprof" />
148-->[com.squareup.leakcanary:leakcanary-android-core:2.14] AndroidManifest.xml:55:17-47
149                <data android:pathPattern=".*\\..*\\.hprof" />
149-->[com.squareup.leakcanary:leakcanary-android-core:2.14] AndroidManifest.xml:55:17-47
150                <data android:pathPattern=".*\\..*\\..*\\.hprof" />
150-->[com.squareup.leakcanary:leakcanary-android-core:2.14] AndroidManifest.xml:55:17-47
151                <data android:pathPattern=".*\\..*\\..*\\..*\\.hprof" />
151-->[com.squareup.leakcanary:leakcanary-android-core:2.14] AndroidManifest.xml:55:17-47
152                <data android:pathPattern=".*\\..*\\..*\\..*\\..*\\.hprof" />
152-->[com.squareup.leakcanary:leakcanary-android-core:2.14] AndroidManifest.xml:55:17-47
153                <data android:pathPattern=".*\\..*\\..*\\..*\\..*\\..*\\.hprof" />
153-->[com.squareup.leakcanary:leakcanary-android-core:2.14] AndroidManifest.xml:55:17-47
154                <data android:pathPattern=".*\\..*\\..*\\..*\\..*\\..*\\..*\\.hprof" />
154-->[com.squareup.leakcanary:leakcanary-android-core:2.14] AndroidManifest.xml:55:17-47
155                <!--
156            Since hprof isn't a standard MIME type, we have to declare such patterns.
157            Most file providers will generate URIs including their own package name,
158            which contains `.` characters that must be explicitly escaped in pathPattern.
159            @see https://stackoverflow.com/a/31028507/703646
160                -->
161            </intent-filter>
162        </activity>
163
164        <activity-alias
164-->[com.squareup.leakcanary:leakcanary-android-core:2.14] AndroidManifest.xml:75:9-92:26
165            android:name="leakcanary.internal.activity.LeakLauncherActivity"
165-->[com.squareup.leakcanary:leakcanary-android-core:2.14] AndroidManifest.xml:76:13-77
166            android:banner="@drawable/leak_canary_tv_icon"
166-->[com.squareup.leakcanary:leakcanary-android-core:2.14] AndroidManifest.xml:77:13-59
167            android:enabled="@bool/leak_canary_add_launcher_icon"
167-->[com.squareup.leakcanary:leakcanary-android-core:2.14] AndroidManifest.xml:78:13-66
168            android:exported="true"
168-->[com.squareup.leakcanary:leakcanary-android-core:2.14] AndroidManifest.xml:79:13-36
169            android:icon="@mipmap/leak_canary_icon"
169-->[com.squareup.leakcanary:leakcanary-android-core:2.14] AndroidManifest.xml:80:13-52
170            android:label="@string/leak_canary_display_activity_label"
170-->[com.squareup.leakcanary:leakcanary-android-core:2.14] AndroidManifest.xml:81:13-71
171            android:targetActivity="leakcanary.internal.activity.LeakActivity"
171-->[com.squareup.leakcanary:leakcanary-android-core:2.14] AndroidManifest.xml:82:13-79
172            android:taskAffinity="com.squareup.leakcanary.org.maplibre.navigation.android.example"
172-->[com.squareup.leakcanary:leakcanary-android-core:2.14] AndroidManifest.xml:83:13-76
173            android:theme="@style/leak_canary_LeakCanary.Base" >
173-->[com.squareup.leakcanary:leakcanary-android-core:2.14] AndroidManifest.xml:84:13-63
174            <intent-filter>
174-->[com.squareup.leakcanary:leakcanary-android-core:2.14] AndroidManifest.xml:85:13-91:29
175                <action android:name="android.intent.action.MAIN" />
175-->src/main/AndroidManifest.xml:58:17-69
175-->src/main/AndroidManifest.xml:58:25-66
176
177                <category android:name="android.intent.category.LAUNCHER" />
177-->src/main/AndroidManifest.xml:60:17-77
177-->src/main/AndroidManifest.xml:60:27-74
178                <!-- Android TV launcher intent -->
179                <category android:name="android.intent.category.LEANBACK_LAUNCHER" />
179-->[com.squareup.leakcanary:leakcanary-android-core:2.14] AndroidManifest.xml:90:17-86
179-->[com.squareup.leakcanary:leakcanary-android-core:2.14] AndroidManifest.xml:90:27-83
180            </intent-filter>
181        </activity-alias>
182
183        <activity
183-->[com.squareup.leakcanary:leakcanary-android-core:2.14] AndroidManifest.xml:94:9-100:68
184            android:name="leakcanary.internal.RequestPermissionActivity"
184-->[com.squareup.leakcanary:leakcanary-android-core:2.14] AndroidManifest.xml:95:13-73
185            android:excludeFromRecents="true"
185-->[com.squareup.leakcanary:leakcanary-android-core:2.14] AndroidManifest.xml:96:13-46
186            android:icon="@mipmap/leak_canary_icon"
186-->[com.squareup.leakcanary:leakcanary-android-core:2.14] AndroidManifest.xml:97:13-52
187            android:label="@string/leak_canary_storage_permission_activity_label"
187-->[com.squareup.leakcanary:leakcanary-android-core:2.14] AndroidManifest.xml:98:13-82
188            android:taskAffinity="com.squareup.leakcanary.org.maplibre.navigation.android.example"
188-->[com.squareup.leakcanary:leakcanary-android-core:2.14] AndroidManifest.xml:99:13-76
189            android:theme="@style/leak_canary_Theme.Transparent" />
189-->[com.squareup.leakcanary:leakcanary-android-core:2.14] AndroidManifest.xml:100:13-65
190
191        <receiver android:name="leakcanary.internal.NotificationReceiver" />
191-->[com.squareup.leakcanary:leakcanary-android-core:2.14] AndroidManifest.xml:102:9-77
191-->[com.squareup.leakcanary:leakcanary-android-core:2.14] AndroidManifest.xml:102:19-74
192
193        <provider
193-->[com.squareup.leakcanary:leakcanary-object-watcher-android:2.14] AndroidManifest.xml:8:9-12:40
194            android:name="leakcanary.internal.MainProcessAppWatcherInstaller"
194-->[com.squareup.leakcanary:leakcanary-object-watcher-android:2.14] AndroidManifest.xml:9:13-78
195            android:authorities="org.maplibre.navigation.android.example.leakcanary-installer"
195-->[com.squareup.leakcanary:leakcanary-object-watcher-android:2.14] AndroidManifest.xml:10:13-72
196            android:enabled="@bool/leak_canary_watcher_auto_install"
196-->[com.squareup.leakcanary:leakcanary-object-watcher-android:2.14] AndroidManifest.xml:11:13-69
197            android:exported="false" />
197-->[com.squareup.leakcanary:leakcanary-object-watcher-android:2.14] AndroidManifest.xml:12:13-37
198        <provider
198-->[com.squareup.leakcanary:plumber-android:2.14] AndroidManifest.xml:8:9-12:40
199            android:name="leakcanary.internal.PlumberInstaller"
199-->[com.squareup.leakcanary:plumber-android:2.14] AndroidManifest.xml:9:13-64
200            android:authorities="org.maplibre.navigation.android.example.plumber-installer"
200-->[com.squareup.leakcanary:plumber-android:2.14] AndroidManifest.xml:10:13-69
201            android:enabled="@bool/leak_canary_plumber_auto_install"
201-->[com.squareup.leakcanary:plumber-android:2.14] AndroidManifest.xml:11:13-69
202            android:exported="false" />
202-->[com.squareup.leakcanary:plumber-android:2.14] AndroidManifest.xml:12:13-37
203        <provider
203-->[com.squareup.picasso:picasso:2.71828] AndroidManifest.xml:8:9-11:40
204            android:name="com.squareup.picasso.PicassoProvider"
204-->[com.squareup.picasso:picasso:2.71828] AndroidManifest.xml:9:13-64
205            android:authorities="org.maplibre.navigation.android.example.com.squareup.picasso"
205-->[com.squareup.picasso:picasso:2.71828] AndroidManifest.xml:10:13-72
206            android:exported="false" />
206-->[com.squareup.picasso:picasso:2.71828] AndroidManifest.xml:11:13-37
207
208        <receiver
208-->[androidx.profileinstaller:profileinstaller:1.3.1] AndroidManifest.xml:34:9-52:20
209            android:name="androidx.profileinstaller.ProfileInstallReceiver"
209-->[androidx.profileinstaller:profileinstaller:1.3.1] AndroidManifest.xml:35:13-76
210            android:directBootAware="false"
210-->[androidx.profileinstaller:profileinstaller:1.3.1] AndroidManifest.xml:36:13-44
211            android:enabled="true"
211-->[androidx.profileinstaller:profileinstaller:1.3.1] AndroidManifest.xml:37:13-35
212            android:exported="true"
212-->[androidx.profileinstaller:profileinstaller:1.3.1] AndroidManifest.xml:38:13-36
213            android:permission="android.permission.DUMP" >
213-->[androidx.profileinstaller:profileinstaller:1.3.1] AndroidManifest.xml:39:13-57
214            <intent-filter>
214-->[androidx.profileinstaller:profileinstaller:1.3.1] AndroidManifest.xml:40:13-42:29
215                <action android:name="androidx.profileinstaller.action.INSTALL_PROFILE" />
215-->[androidx.profileinstaller:profileinstaller:1.3.1] AndroidManifest.xml:41:17-91
215-->[androidx.profileinstaller:profileinstaller:1.3.1] AndroidManifest.xml:41:25-88
216            </intent-filter>
217            <intent-filter>
217-->[androidx.profileinstaller:profileinstaller:1.3.1] AndroidManifest.xml:43:13-45:29
218                <action android:name="androidx.profileinstaller.action.SKIP_FILE" />
218-->[androidx.profileinstaller:profileinstaller:1.3.1] AndroidManifest.xml:44:17-85
218-->[androidx.profileinstaller:profileinstaller:1.3.1] AndroidManifest.xml:44:25-82
219            </intent-filter>
220            <intent-filter>
220-->[androidx.profileinstaller:profileinstaller:1.3.1] AndroidManifest.xml:46:13-48:29
221                <action android:name="androidx.profileinstaller.action.SAVE_PROFILE" />
221-->[androidx.profileinstaller:profileinstaller:1.3.1] AndroidManifest.xml:47:17-88
221-->[androidx.profileinstaller:profileinstaller:1.3.1] AndroidManifest.xml:47:25-85
222            </intent-filter>
223            <intent-filter>
223-->[androidx.profileinstaller:profileinstaller:1.3.1] AndroidManifest.xml:49:13-51:29
224                <action android:name="androidx.profileinstaller.action.BENCHMARK_OPERATION" />
224-->[androidx.profileinstaller:profileinstaller:1.3.1] AndroidManifest.xml:50:17-95
224-->[androidx.profileinstaller:profileinstaller:1.3.1] AndroidManifest.xml:50:25-92
225            </intent-filter>
226        </receiver>
227    </application>
228
229</manifest>